ReferenceError: res is not defined
    at app.get (/data/wwwroot/recipe.xuehebingan.com/app.js:9:45)
    at Layer.handle [as handle_request] (/data/wwwroot/recipe.xuehebingan.com/node_modules/express/lib/router/layer.js:95:5)
    at next (/data/wwwroot/recipe.xuehebingan.com/node_modules/express/lib/router/route.js:137:13)
    at Route.dispatch (/data/wwwroot/recipe.xuehebingan.com/node_modules/express/lib/router/route.js:112:3)
    at Layer.handle [as handle_request] (/data/wwwroot/recipe.xuehebingan.com/node_modules/express/lib/router/layer.js:95:5)
    at /data/wwwroot/recipe.xuehebingan.com/node_modules/express/lib/router/index.js:281:22
    at Function.process_params (/data/wwwroot/recipe.xuehebingan.com/node_modules/express/lib/router/index.js:335:12)
    at next (/data/wwwroot/recipe.xuehebingan.com/node_modules/express/lib/router/index.js:275:10)
    at expressInit (/data/wwwroot/recipe.xuehebingan.com/node_modules/express/lib/middleware/init.js:40:5)
    at Layer.handle [as handle_request] (/data/wwwroot/recipe.xuehebingan.com/node_modules/express/lib/router/layer.js:95:5)
ReferenceError: res is not defined
    at app.get (/data/wwwroot/recipe.xuehebingan.com/app.js:9:45)
    at Layer.handle [as handle_request] (/data/wwwroot/recipe.xuehebingan.com/node_modules/express/lib/router/layer.js:95:5)
    at next (/data/wwwroot/recipe.xuehebingan.com/node_modules/express/lib/router/route.js:137:13)
    at Route.dispatch (/data/wwwroot/recipe.xuehebingan.com/node_modules/express/lib/router/route.js:112:3)
    at Layer.handle [as handle_request] (/data/wwwroot/recipe.xuehebingan.com/node_modules/express/lib/router/layer.js:95:5)
    at /data/wwwroot/recipe.xuehebingan.com/node_modules/express/lib/router/index.js:281:22
    at Function.process_params (/data/wwwroot/recipe.xuehebingan.com/node_modules/express/lib/router/index.js:335:12)
    at next (/data/wwwroot/recipe.xuehebingan.com/node_modules/express/lib/router/index.js:275:10)
    at expressInit (/data/wwwroot/recipe.xuehebingan.com/node_modules/express/lib/middleware/init.js:40:5)
    at Layer.handle [as handle_request] (/data/wwwroot/recipe.xuehebingan.com/node_modules/express/lib/router/layer.js:95:5)
ReferenceError: res is not defined
    at app.get (/data/wwwroot/recipe.xuehebingan.com/app.js:9:45)
    at Layer.handle [as handle_request] (/data/wwwroot/recipe.xuehebingan.com/node_modules/express/lib/router/layer.js:95:5)
    at next (/data/wwwroot/recipe.xuehebingan.com/node_modules/express/lib/router/route.js:137:13)
    at Route.dispatch (/data/wwwroot/recipe.xuehebingan.com/node_modules/express/lib/router/route.js:112:3)
    at Layer.handle [as handle_request] (/data/wwwroot/recipe.xuehebingan.com/node_modules/express/lib/router/layer.js:95:5)
    at /data/wwwroot/recipe.xuehebingan.com/node_modules/express/lib/router/index.js:281:22
    at Function.process_params (/data/wwwroot/recipe.xuehebingan.com/node_modules/express/lib/router/index.js:335:12)
    at next (/data/wwwroot/recipe.xuehebingan.com/node_modules/express/lib/router/index.js:275:10)
    at expressInit (/data/wwwroot/recipe.xuehebingan.com/node_modules/express/lib/middleware/init.js:40:5)
    at Layer.handle [as handle_request] (/data/wwwroot/recipe.xuehebingan.com/node_modules/express/lib/router/layer.js:95:5)
ReferenceError: res is not defined
    at app.get (/data/wwwroot/recipe.xuehebingan.com/app.js:9:45)
    at Layer.handle [as handle_request] (/data/wwwroot/recipe.xuehebingan.com/node_modules/express/lib/router/layer.js:95:5)
    at next (/data/wwwroot/recipe.xuehebingan.com/node_modules/express/lib/router/route.js:137:13)
    at Route.dispatch (/data/wwwroot/recipe.xuehebingan.com/node_modules/express/lib/router/route.js:112:3)
    at Layer.handle [as handle_request] (/data/wwwroot/recipe.xuehebingan.com/node_modules/express/lib/router/layer.js:95:5)
    at /data/wwwroot/recipe.xuehebingan.com/node_modules/express/lib/router/index.js:281:22
    at Function.process_params (/data/wwwroot/recipe.xuehebingan.com/node_modules/express/lib/router/index.js:335:12)
    at next (/data/wwwroot/recipe.xuehebingan.com/node_modules/express/lib/router/index.js:275:10)
    at expressInit (/data/wwwroot/recipe.xuehebingan.com/node_modules/express/lib/middleware/init.js:40:5)
    at Layer.handle [as handle_request] (/data/wwwroot/recipe.xuehebingan.com/node_modules/express/lib/router/layer.js:95:5)
ReferenceError: res is not defined
    at app.get (/data/wwwroot/recipe.xuehebingan.com/app.js:9:45)
    at Layer.handle [as handle_request] (/data/wwwroot/recipe.xuehebingan.com/node_modules/express/lib/router/layer.js:95:5)
    at next (/data/wwwroot/recipe.xuehebingan.com/node_modules/express/lib/router/route.js:137:13)
    at Route.dispatch (/data/wwwroot/recipe.xuehebingan.com/node_modules/express/lib/router/route.js:112:3)
    at Layer.handle [as handle_request] (/data/wwwroot/recipe.xuehebingan.com/node_modules/express/lib/router/layer.js:95:5)
    at /data/wwwroot/recipe.xuehebingan.com/node_modules/express/lib/router/index.js:281:22
    at Function.process_params (/data/wwwroot/recipe.xuehebingan.com/node_modules/express/lib/router/index.js:335:12)
    at next (/data/wwwroot/recipe.xuehebingan.com/node_modules/express/lib/router/index.js:275:10)
    at expressInit (/data/wwwroot/recipe.xuehebingan.com/node_modules/express/lib/middleware/init.js:40:5)
    at Layer.handle [as handle_request] (/data/wwwroot/recipe.xuehebingan.com/node_modules/express/lib/router/layer.js:95:5)
events.js:183
      throw er; // Unhandled 'error' event
      ^

Error: listen EADDRINUSE 127.0.0.1:9999
    at Object._errnoException (util.js:992:11)
    at _exceptionWithHostPort (util.js:1014:20)
    at Server.setupListenHandle [as _listen2] (net.js:1355:14)
    at listenInCluster (net.js:1396:12)
    at GetAddrInfoReqWrap.doListen [as callback] (net.js:1505:7)
    at GetAddrInfoReqWrap.onlookup [as oncomplete] (dns.js:97:10)
events.js:183
      throw er; // Unhandled 'error' event
      ^

Error: listen EADDRINUSE 127.0.0.1:9999
    at Object._errnoException (util.js:1022:11)
    at _exceptionWithHostPort (util.js:1044:20)
    at Server.setupListenHandle [as _listen2] (net.js:1367:14)
    at listenInCluster (net.js:1408:12)
    at GetAddrInfoReqWrap.doListen [as callback] (net.js:1517:7)
    at GetAddrInfoReqWrap.onlookup [as oncomplete] (dns.js:97:10)
events.js:183
      throw er; // Unhandled 'error' event
      ^

Error: listen EADDRINUSE 127.0.0.1:9999
    at Object._errnoException (util.js:1022:11)
    at _exceptionWithHostPort (util.js:1044:20)
    at Server.setupListenHandle [as _listen2] (net.js:1367:14)
    at listenInCluster (net.js:1408:12)
    at GetAddrInfoReqWrap.doListen [as callback] (net.js:1517:7)
    at GetAddrInfoReqWrap.onlookup [as oncomplete] (dns.js:97:10)
